# JRE version: OpenJDK Runtime Environment Temurin-21.0.10+7 (21.0.10+7) (build 21.0.10+7-LTS)
# Java VM: OpenJDK 64-Bit Server VM Temurin-21.0.10+7 (21.0.10+7-LTS, mixed mode, sharing, tiered, compressed oops, compressed class ptrs, g1 gc, windows-amd64)
GC Precious Log:
 CardTable entry size: 512
 Card Set container configuration: InlinePtr #cards 5 size 8 Array Of Cards #cards 12 size 40 Howl #buckets 4 coarsen threshold 1843 Howl Bitmap #cards 512 size 80 coarsen threshold 460 Card regions per heap region 1 cards per card region 2048
 CPUs: 12 total, 12 available
 Memory: 5989M
 Large Page Support: Disabled
 NUMA Support: Disabled
 Compressed Oops: Enabled (32-bit)
 Heap Region Size: 1M
 Heap Min Capacity: 8M
 Heap Initial Capacity: 94M
 Heap Max Capacity: 1498M
 Pre-touch: Disabled
 Parallel Workers: 10
 Concurrent Workers: 3
 Concurrent Refinement Workers: 10
 Periodic GC: Disabled
Heap:
 garbage-first heap   total 56320K, used 36187K [0x00000000a2600000, 0x0000000100000000)
  region size 1024K, 6 young (6144K), 2 survivors (2048K)
 Metaspace       used 26696K, committed 27008K, reserved 1114112K
  class space    used 3425K, committed 3584K, reserved 1048576K
GC Heap History (8 events):
Event: 2.079 GC heap before
{Heap before GC invocations=0 (full 0):
 garbage-first heap   total 96256K, used 24576K [0x00000000a2600000, 0x0000000100000000)
  region size 1024K, 23 young (23552K), 0 survivors (0K)
 Metaspace       used 6327K, committed 6592K, reserved 1114112K
  class space    used 817K, committed 960K, reserved 1048576K
}
Event: 2.090 GC heap after
{Heap after GC invocations=1 (full 0):
 garbage-first heap   total 96256K, used 7368K [0x00000000a2600000, 0x0000000100000000)
  region size 1024K, 3 young (3072K), 3 survivors (3072K)
 Metaspace       used 6327K, committed 6592K, reserved 1114112K
  class space    used 817K, committed 960K, reserved 1048576K
}
Event: 5.260 GC heap before
{Heap before GC invocations=1 (full 0):
 garbage-first heap   total 96256K, used 35016K [0x00000000a2600000, 0x0000000100000000)
  region size 1024K, 31 young (31744K), 3 survivors (3072K)
 Metaspace       used 14688K, committed 14912K, reserved 1114112K
  class space    used 1778K, committed 1856K, reserved 1048576K
}
Event: 5.273 GC heap after
{Heap after GC invocations=2 (full 0):
 garbage-first heap   total 96256K, used 11682K [0x00000000a2600000, 0x0000000100000000)
  region size 1024K, 4 young (4096K), 4 survivors (4096K)
 Metaspace       used 14688K, committed 14912K, reserved 1114112K
  class space    used 1778K, committed 1856K, reserved 1048576K
}
Event: 9.420 GC heap before
{Heap before GC invocations=2 (full 0):
 garbage-first heap   total 96256K, used 80290K [0x00000000a2600000, 0x0000000100000000)
  region size 1024K, 37 young (37888K), 4 survivors (4096K)
 Metaspace       used 21283K, committed 21504K, reserved 1114112K
  class space    used 2587K, committed 2688K, reserved 1048576K
}
Event: 9.431 GC heap after
{Heap after GC invocations=3 (full 0):
 garbage-first heap   total 96256K, used 14176K [0x00000000a2600000, 0x0000000100000000)
  region size 1024K, 3 young (3072K), 3 survivors (3072K)
 Metaspace       used 21283K, committed 21504K, reserved 1114112K
  class space    used 2587K, committed 2688K, reserved 1048576K
}
Event: 14.755 GC heap before
{Heap before GC invocations=4 (full 0):
 garbage-first heap   total 51200K, used 50016K [0x00000000a2600000, 0x0000000100000000)
  region size 1024K, 21 young (21504K), 3 survivors (3072K)
 Metaspace       used 26359K, committed 26688K, reserved 1114112K
  class space    used 3367K, committed 3520K, reserved 1048576K
}
Event: 14.766 GC heap after
{Heap after GC invocations=5 (full 0):
 garbage-first heap   total 56320K, used 33115K [0x00000000a2600000, 0x0000000100000000)
  region size 1024K, 2 young (2048K), 2 survivors (2048K)
 Metaspace       used 26359K, committed 26688K, reserved 1114112K
  class space    used 3367K, committed 3520K, reserved 1048576K
}

